0:100  0:100  MemLog inited, TSC freq: 2693760702
0:100  0:000  CPU was calibrated with ACPI PM Timer
0:100  0:000  
0:100  0:000  Now is 21.5.2019,  17:42:52 (GMT)
0:100  0:000  Starting Clover revision: 4920 on American Megatrends EFI
0:100  0:000  Build with: [Args: -nb -mc --no-usb -D NO_GRUB_DRIVERS_EMBEDDED | -D DISABLE_USB_SUPPORT -D NO_GRUB_DRIVERS_EMBEDDED -D USE_BIOS_BLOCKIO -D USE_LOW_EBDA -D HAVE_LEGACY_EMURUNTIMEDXE -a X64 -b RELEASE -t XCODE8 -n 5 | OS: 10.13.6 | XCODE: 10.1]
0:100  0:000  SelfDevicePath=PciRoot(0x0)\Pci(0x1F,0x2)\Sata(0x4,0xFFFF,0x0)\HD(1,GPT,21527EB5-0587-4BED-ABCB-555289E92862,0x28,0x64000) @D16B3E98
0:100  0:000  SelfDirPath = \EFI\BOOT
0:100  0:000  === [ Get Smbios ] ========================================
0:100  0:000  Type 16 Index = 0
0:100  0:000  Total Memory Slots Count = 2
0:100  0:000  Type 17 Index = 0
0:100  0:000  SmbiosTable.Type17->Speed = 1600MHz
0:100  0:000  SmbiosTable.Type17->Size = 4096MB
0:100  0:000  SmbiosTable.Type17->Bank/Device =  DIMM A
0:100  0:000  SmbiosTable.Type17->Vendor = Samsung
0:100  0:000  SmbiosTable.Type17->SerialNumber = EAB8FD99
0:100  0:000  SmbiosTable.Type17->PartNumber = M471B5173QH0-YK0  
0:100  0:000  Type 17 Index = 1
0:100  0:000  Ignoring insane frequency value 0MHz
0:100  0:000  SmbiosTable.Type17->Speed = 0MHz
0:100  0:000  SmbiosTable.Type17->Size = 0MB
0:100  0:000  SmbiosTable.Type17->Bank/Device =  DIMM B
0:100  0:000  SmbiosTable.Type17->Vendor = <null string>
0:100  0:000  SmbiosTable.Type17->SerialNumber = <null string>
0:100  0:000  SmbiosTable.Type17->PartNumber = <null string>
0:100  0:000  Boot status=0
0:100  0:000  Running on: 'Latitude E6440' with board '0159N7'
0:100  0:000  === [ GetCPUProperties ] ==================================
0:100  0:000  CPU Vendor = 756E6547 Model=306C3
0:100  0:000   The CPU supported SSE4.1
0:100  0:000  BrandString = Intel(R) Core(TM) i5-4310M CPU @ 2.70GHz
0:100  0:000   The CPU supported turbo
0:100  0:000  MSR 0x35               20004
0:100  0:000  MSR 0xE2 before patch 1E008405
0:100  0:000  MSR 0xE2 is locked, PM patches will be turned on
0:100  0:000  MSR 0xCE              00080838_F3011B00
0:100  0:000  corrected FLEX_RATIO = 0
0:100  0:000  MSR 0x1B0             00000000
0:100  0:000  FSBFrequency = 100 MHz, DMI FSBFrequency = 100 MHz, Corrected FSBFrequency = 100 MHz
0:100  0:000  MaxDiv/MinDiv: 27.0/8
0:100  0:000  Turbo: 33/33/33/34
0:100  0:000  Features: 0xBFEBFBFF
0:100  0:000  Threads: 4
0:100  0:000  Cores: 2
0:100  0:000  FSB: 100 MHz
0:100  0:000  CPU: 2700 MHz
0:100  0:000  TSC: 2700 MHz
0:100  0:000  PIS: 100 MHz
0:100  0:000  ExternalClock: 25 MHz
0:100  0:000  === [ GetDevices ] ========================================
0:100  0:000  PCI (00|00:00.00) : 8086 0C04 class=060000
0:100  0:000  PCI (00|00:01.00) : 8086 0C01 class=060400
0:100  0:000  PCI (00|00:02.00) : 8086 0416 class=030000
0:100  0:000   - GFX: Model=Intel HD Graphics 4600 (Intel)
0:100  0:000  PCI (00|00:03.00) : 8086 0C0C class=040300
0:100  0:000  PCI (00|00:14.00) : 8086 8C31 class=0C0330
0:100  0:000  PCI (00|00:16.00) : 8086 8C3A class=078000
0:100  0:000  PCI (00|00:16.01) : FFFF FFFF class=FFFFFF
0:100  0:000  PCI (00|00:16.03) : FFFF FFFF class=FFFFFF
0:100  0:000  PCI (00|00:19.00) : 8086 153A class=020000
0:100  0:000   - LAN: 0 Vendor=Intel
0:100  0:000  PCI (00|00:1A.00) : 8086 8C2D class=0C0320
0:100  0:000  PCI (00|00:1B.00) : 8086 8C20 class=040300
0:100  0:000  PCI (00|00:1C.00) : 8086 8C10 class=060400
0:100  0:000  PCI (00|00:1C.02) : 8086 8C14 class=060400
0:100  0:000  PCI (00|03:00.00) : 8086 088E class=028000
0:100  0:000   - WIFI: Vendor=Intel
0:100  0:000  PCI (00|00:1C.04) : 8086 8C18 class=060400
0:100  0:000  PCI (00|00:1C.05) : 8086 8C1A class=060400
0:100  0:000  PCI (00|00:1C.06) : 8086 8C1C class=060400
0:100  0:000  PCI (00|00:1C.07) : 8086 8C1E class=060400
0:100  0:000  PCI (00|0E:00.00) : 1217 8520 class=080501
0:100  0:000  PCI (00|00:1D.00) : 8086 8C26 class=0C0320
0:100  0:000  PCI (00|00:1F.00) : 8086 8C4F class=060100
0:100  0:000  PCI (00|00:1F.02) : 8086 8C03 class=010601
0:100  0:000  PCI (00|00:1F.03) : 8086 8C22 class=0C0500
0:100  0:000  PCI (00|00:1F.06) : FFFF FFFF class=FFFFFF
0:100  0:000  === [ GetDefaultSettings ] ================================
0:100  0:000  Clover load options size = 220 bytes
0:104  0:004  EFI\CLOVER\.plist not loaded with name from LoadOptions: Not Found
0:105  0:000  EFI\CLOVER\config.plist loaded: Success
0:105  0:000  === [ GetListOfThemes ] ===================================
0:109  0:003  - [00]: HighSierra
0:113  0:004  - [01]: MojaveX
0:119  0:005  - [02]: RANDOM
0:120  0:001  - [02]: EMBEDDED
0:122  0:001  - [02]: Latitude
0:125  0:003  === [ Found config plists ] ===============================
0:125  0:000  - config.plist
0:125  0:000  === [ GetEarlyUserSettings ] ==============================
0:125  0:000  timeout set to 1
0:125  0:000  Custom boot CUSTOM_BOOT_DISABLED (0x0)
0:125  0:000  KextsToPatch: 2 requested
0:125  0:000   - [00]: IOAHCIBlockStorage (Enable TRIM for SSD) :: BinPatch :: data len: 11
0:125  0:000   - [01]: AppleAHCIPort (External Icon Patch) :: BinPatch :: data len: 8
0:125  0:000  Default theme: MojaveX
0:125  0:000  Hiding entries with string Preboot
0:125  0:000  === [ LoadDrivers ] =======================================
0:127  0:002  Loading HFSPlus.efi  status=Success
0:129  0:001   - driver needs connecting
0:129  0:000  Loading PartitionDxe-64.efi  status=Success
0:130  0:000   - driver needs connecting
0:130  0:000  Loading DataHubDxe-64.efi  status=Success
0:136  0:006  Loading FSInject-64.efi  status=Success
0:138  0:001  Loading ApfsDriverLoader-64.efi  status=Success
0:138  0:000   - driver needs connecting
0:138  0:000  Loading SMCHelper-64.efi  status=Success
0:139  0:000  Loading AptioMemoryFix-64.efi  status=Success
0:143  0:004  Loading NTFS.EFI  status=Success
0:146  0:002   - driver needs connecting
0:146  0:000  Loading AudioDxe-64.efi  status=Success
0:147  0:001   - driver needs connecting
0:147  0:000  5 drivers needs connecting ...
0:147  0:000  PlatformDriverOverrideProtocol->GetDriver overriden
0:147  0:000  Partition driver loaded: 
0:147  0:000  HFS+ driver loaded
0:147  0:000  APFS driver loaded
0:147  0:000  Searching for invalid DiskIo BY_DRIVER connects: not found, all ok
4:867  4:719  === [ InitScreen ] ========================================
4:867  0:000  Console modes reported: 4, available modes:
4:867  0:000   - [01]: 80x25
4:867  0:000   - [03]: 100x31
4:867  0:000   - [04]: 200x47 (current mode)
4:867  0:000  SetScreenResolution: 1920x1080 - not found!
4:867  0:000  SetMaxResolution: found best mode 3: 1600x900
4:867  0:000   - already set
4:867  0:000  reinit: self device path=PciRoot(0x0)\Pci(0x1F,0x2)\Sata(0x4,0xFFFF,0x0)\HD(1,GPT,21527EB5-0587-4BED-ABCB-555289E92862,0x28,0x64000)
4:867  0:000  Using embedded font: Success
4:868  0:000  === [ GetMacAddress ] =====================================
4:868  0:000   get legacy LAN MAC, 1 card found
4:868  0:000  Legacy MAC address of LAN #0= EC:F4:BB:38:F1:65:
4:868  0:000  === [ ScanSPD ] ===========================================
4:868  0:000  Scanning SMBus [8086:8C22], mmio: 0xF7C39004, ioport: 0xF040, hostc: 0x11
4:887  0:018  Slot: 0 Type 24 4096MB 1600MHz Vendor=Samsung PartNo=M471B5173QH0-YK0 SerialNo=0109070D0B08060A
4:888  0:000  === [ GetAcpiTablesList ] =================================
4:888  0:000  Get Acpi Tables List from RSDT:
4:888  0:000   - [00]: FACP  CBX3    len=132
4:888  0:000   - [01]: APIC  CBX3    len=114
4:888  0:000   - [02]: FPDT  CBX3    len=68
4:888  0:000   - [03]: SLIC  CBX3    len=374
4:888  0:000   - [04]: LPIT  CBX3    len=92
4:888  0:000   - [05]: SSDT  sensrhub len=552
4:888  0:000   - [06]: SSDT  zpodd len=352
4:888  0:000   - [07]: SSDT  Cpu0Ist len=1311
4:888  0:000   - [08]: SSDT  CpuPm len=2776
4:888  0:000   - [09]: HPET  CBX3    len=56
4:888  0:000   - [10]: SSDT  SataTabl len=978
4:888  0:000   - [11]: MCFG  CBX3    len=60
4:888  0:000   - [12]: ASF!   HCG len=165
4:888  0:000   - [13]: BGRT   len=56
4:888  0:000  Calibrated TSC Frequency = 2693760702 = 2693MHz
4:888  0:000  === [ GetUserSettings ] ===================================
4:888  0:000  Add 2 devices:
4:888  0:000  Add 1 devices:
4:888  0:000   - [00]: [14:00.00]  (SDXC reader)
4:888  0:000  USB FixOwnership: yes
4:888  0:000  Dropping 1 tables:
4:888  0:000   - [00]: Drop table  signature="DMAR" (52414D44)
4:888  0:000           - set table: 52414D44,                0 to drop: no
4:888  0:000   - final DSDT Fix mask=40480010
4:888  0:000  PatchesDSDT: 8 requested
4:888  0:000   - [00]: (change _OSI to XOSI) lenToFind: 4, lenToReplace: 4, Target Bridge: <null string>
4:888  0:000   - [01]: (change LPC to LPCB, optionally pair with SSDT-LPC.aml) lenToFind: 4, lenToReplace: 4, Target Bridge: <null string>
4:888  0:000   - [02]: (change _DSM to XDSM) lenToFind: 4, lenToReplace: 4, Target Bridge: <null string>
4:888  0:000   - [03]: (change EHC1 to EH01) lenToFind: 4, lenToReplace: 4, Target Bridge: <null string>
4:888  0:000   - [04]: (change EHC2 to EH02) lenToFind: 4, lenToReplace: 4, Target Bridge: <null string>
4:888  0:000   - [05]: (change GFX0 to IGPU) lenToFind: 4, lenToReplace: 4, Target Bridge: <null string>
4:888  0:000   - [06]: (change B0D3 to HDAU) lenToFind: 4, lenToReplace: 4, Target Bridge: <null string>
4:888  0:000   - [07]: (change Method (GPRW,2,N) to XPRW, pair with SSDT-GPRW.aml) lenToFind: 5, lenToReplace: 5, Target Bridge: <null string>
4:888  0:000  PluginType: 1
4:888  0:000  Using ProductName from config: MacBookPro11,1
4:888  0:000  Using latest BiosVersion from clover
4:888  0:000  BiosVersion: MBP111.88Z.F000.B00.1902141640
4:888  0:000  BiosReleaseDate: 02/14/2019
4:888  0:000  Using EfiVersion from config: 149.0.0.0.0
4:888  0:000  Using FirmwareFeatures from config: 0xE80FE137
4:888  0:000  Using FirmwareFeaturesMask from config: 0xFF1FFF3F
4:888  0:000  Board-ID set from config as Mac-189A3D4F975D5FFC
4:888  0:000  BoardType: 0xA
4:888  0:000  ChassisType: 0xA
4:889  0:001  === [ Found DSDT tables ] =================================
4:935  0:045  === [ ScanVolumes ] =======================================
4:935  0:000  Found 16 volumes with blockIO
4:935  0:000  - [00]: Volume: PciRoot(0x0)\Pci(0x1A,0x0)\USB(0x1,0x0)\USB(0x2,0x0)
4:936  0:000          USB volume
4:936  0:000          USB volume
4:936  0:000  - [01]: Volume: PciRoot(0x0)\Pci(0x1A,0x0)\USB(0x1,0x0)\USB(0x2,0x0)\HD(1,MBR,0x00000000,0x800,0x3EC800)
4:937  0:000          Result of bootcode detection: bootable unknown (legacy)
4:937  0:000          USB volume
4:937  0:000          USB volume
5:051  0:113  - [02]: Volume: PciRoot(0x0)\Pci(0x1F,0x2)\Sata(0x0,0xFFFF,0x0)
5:051  0:000  - [03]: Volume: PciRoot(0x0)\Pci(0x1F,0x2)\Sata(0x1,0xFFFF,0x0)
5:080  0:028          Result of bootcode detection: bootable Linux (grub,linux)
5:080  0:000  - [04]: Volume: PciRoot(0x0)\Pci(0x1F,0x2)\Sata(0x4,0xFFFF,0x0)
5:080  0:000  - [05]: Volume: PciRoot(0x0)\Pci(0x1F,0x2)\Sata(0x0,0xFFFF,0x0)\HD(1,GPT,966BC106-9D36-48CB-8A6C-DDF3402DC60D,0x800,0x108800)
5:081  0:000          Result of bootcode detection: bootable Windows (vista,win)
5:081  0:000  - [06]: Volume: PciRoot(0x0)\Pci(0x1F,0x2)\Sata(0x0,0xFFFF,0x0)\HD(2,GPT,9C3E7F3F-3AF8-4A9E-B1AB-1CA119D88EA6,0x109000,0x32000)
5:082  0:000          Result of bootcode detection: bootable Windows (vista,win)
5:089  0:007  - [07]: Volume: PciRoot(0x0)\Pci(0x1F,0x2)\Sata(0x0,0xFFFF,0x0)\HD(3,GPT,A48DABCE-D3F5-43F4-8521-2EF0D72A930A,0x13B000,0x8000)
5:090  0:000  - [08]: Volume: PciRoot(0x0)\Pci(0x1F,0x2)\Sata(0x0,0xFFFF,0x0)\HD(4,GPT,EF161492-916D-454A-818F-778DEFB299CD,0x143000,0xDE51800)
5:090  0:000          Result of bootcode detection: bootable Windows (vista,win)
5:091  0:000  - [09]: Volume: PciRoot(0x0)\Pci(0x1F,0x2)\Sata(0x1,0xFFFF,0x0)\HD(1,MBR,0x82C390CC,0x800,0x3A384800)
5:098  0:007          Result of bootcode detection: bootable Windows (vista,win)
5:104  0:005  - [10]: Volume: PciRoot(0x0)\Pci(0x1F,0x2)\Sata(0x4,0xFFFF,0x0)\HD(1,GPT,21527EB5-0587-4BED-ABCB-555289E92862,0x28,0x64000)
5:104  0:000          Result of bootcode detection: bootable unknown (legacy)
5:112  0:007          This is SelfVolume !!
5:112  0:000  - [11]: Volume: PciRoot(0x0)\Pci(0x1F,0x2)\Sata(0x4,0xFFFF,0x0)\HD(2,GPT,85AE6219-2870-45BB-BF4E-CB484BB285CE,0x64028,0x3B3EE60)
5:113  0:000          Result of bootcode detection: bootable unknown (legacy)
5:113  0:000  - [12]: Volume: PciRoot(0x0)\Pci(0x1F,0x2)\Sata(0x4,0xFFFF,0x0)\HD(2,GPT,85AE6219-2870-45BB-BF4E-CB484BB285CE,0x64028,0x3B3EE60)\VenMedia(BE74FCF7-0B7C-49F3-9147-01F4042E6842,5CA79275DC428F4F82E0E74B00E0DF9D)
5:113  0:000          hiding this volume
5:113  0:000  - [13]: Volume: PciRoot(0x0)\Pci(0x1F,0x2)\Sata(0x4,0xFFFF,0x0)\HD(2,GPT,85AE6219-2870-45BB-BF4E-CB484BB285CE,0x64028,0x3B3EE60)\VenMedia(BE74FCF7-0B7C-49F3-9147-01F4042E6842,68DC057FBDD16831B566687CE1E89EE6)
5:113  0:000  - [14]: Volume: PciRoot(0x0)\Pci(0x1F,0x2)\Sata(0x4,0xFFFF,0x0)\HD(2,GPT,85AE6219-2870-45BB-BF4E-CB484BB285CE,0x64028,0x3B3EE60)\VenMedia(BE74FCF7-0B7C-49F3-9147-01F4042E6842,C824836B69ECD84C86A9BE0A2244A6FB)
5:113  0:000  - [15]: Volume: PciRoot(0x0)\Pci(0x1F,0x2)\Sata(0x4,0xFFFF,0x0)\HD(2,GPT,85AE6219-2870-45BB-BF4E-CB484BB285CE,0x64028,0x3B3EE60)\VenMedia(BE74FCF7-0B7C-49F3-9147-01F4042E6842,A5734B60007AED45A1218C930314CBCF)
5:113  0:000  found 2 handles with audio
5:113  0:000  No AudioIoDevice stored
5:113  0:000  no stored audio parameters
5:113  0:000  === [ InitTheme ] =========================================
5:113  0:000  use daylight theme
5:115  0:002  Using theme 'MojaveX' (EFI\CLOVER\themes\MojaveX)
5:115  0:000  OS main and drive as badge
5:115  0:000  Warning! Character width 11 should be even!
5:115  0:000  file sound read: sound.wav Not Found
5:117  0:001  Loading font from ThemeDir: Success
5:117  0:000  theme inited
5:117  0:000  Chosen theme MojaveX
5:117  0:000  after NVRAM boot-args=dart=0 kext-dev-mode=1 -xcpm debug=0x100 abm_firstpolldelay=16000
5:117  0:000  === [ Dump SMC keys from NVRAM ] ==========================
5:117  0:000  found AppleSMC protocol
5:130  0:013  Registered 17 SMC keys
5:132  0:001  === [ ScanLoader ] ========================================
5:132  0:000  - [01]: '1'
5:132  0:000  - [05]: '>AAB0=>28BL'
5:132  0:000  - [06]: 'EFI'
5:138  0:006          AddLoaderEntry for Volume Name=EFI
5:162  0:023          AddLoaderEntry for Volume Name=EFI
5:162  0:000          skipped because entry is hidden
5:162  0:000  - [08]: ''
5:162  0:000  - [09]: ''
5:162  0:000  - [10]: 'EFI'
5:162  0:000          AddLoaderEntry for Volume Name=EFI
5:162  0:000          skipped because entry is hidden
5:162  0:000  - [12]: 'Preboot', hidden
5:162  0:000  - [13]: 'macOS'
5:205  0:043          AddLoaderEntry for Volume Name=macOS
5:214  0:008      hibernated: set as never
5:220  0:005  - [14]: 'Recovery'
5:223  0:003          AddLoaderEntry for Volume Name=Recovery
5:230  0:007  - [15]: 'VM'
5:230  0:000  === [ AddCustomTool ] =====================================
5:232  0:002  found tool \EFI\CLOVER\tools\Shell64U.efi
5:232  0:000  Checking EFI partition Volume 6 for Clover
5:233  0:000  Checking EFI partition Volume 10 for Clover
5:233  0:000   Found Clover
5:237  0:003  === [ GetEfiBootDeviceFromNvram ] =========================
5:237  0:000  Default boot entry not found
5:237  0:000  DefaultIndex=-1 and MainMenu.EntryCount=9
5:441  0:204  GUI ready
76:528  71:086  ParseBootOption: invalid input params
76:528  0:000  BootVariable of the entry is empty
76:528  0:000  === [ StartLoader ] =======================================
76:528  0:000  Finally: ExternalClock=25MHz BusSpeed=99769kHz CPUFreq=2694MHz PIS: hw.busfrequency=100000000Hz
76:528  0:000  Loading boot.efi  status=Success
76:579  0:050  GetOSVersion: 10.13.6 (17G65)
76:579  0:000  CSR_CFG: CSR_ALLOW_UNTRUSTED_KEXTS | CSR_ALLOW_UNRESTRICTED_FS | CSR_ALLOW_TASK_FOR_PID | CSR_ALLOW_UNRESTRICTED_DTRACE | CSR_ALLOW_UNRESTRICTED_NVRAM
76:579  0:000  Filtering KextPatches:
76:579  0:000   - [00]: IOAHCIBlockStorage (Enable TRIM for SSD) :: BinPatch :: [OS: 10.13.6 | MatchOS: All | MatchBuild: All] ==> allowed
76:579  0:000   - [01]: AppleAHCIPort (External Icon Patch) :: BinPatch :: [OS: 10.13.6 | MatchOS: All | MatchBuild: All] ==> allowed
76:579  0:000  Will not patch boot.efi
76:579  0:000  === [ PatchSmbios ] =======================================
76:579  0:000  insert table 9 for dev 19:0
76:579  0:000  insert table 9 for dev 0:0
76:579  0:000  Trusting SMBIOS...
76:579  0:000  Channels: 1
76:579  0:000  Interleave: 0 1 2 3 4 5 6 7 8 9 10 11 12 13 14 15 16 17 18 19 20 21 22 23
76:579  0:000   partNum=M471B5173QH0-YK0  
76:579  0:000  SMBIOS Type 17 Index = 0 => 0 0:
76:579  0:000  BANK 0 DIMM0 1600MHz 4096MB
76:579  0:000  SMBIOS Type 17 Index = 1 => 1 1:
76:579  0:000  BANK 0 DIMM1 EMPTY
76:579  0:000  mTotalSystemMemory = 4096
76:579  0:000  NumberOfMemoryDevices = 2
76:579  0:000  Type20[0]->End = 0x3FFFFF, Type17[0] = 0x1000
76:579  0:000  Table 131 is present, CPUType=35
76:579  0:000  Change to: 605
76:579  0:000  === [ PatchACPI ] =========================================
76:579  0:000  Xsdt reallocation done
76:579  0:000  old FADT length=10C
76:579  0:000   SignatureFixup: 0x4A -> 0x0
76:580  0:000  Apply DsdtFixMask=0x40480010
76:580  0:000     drop _DSM mask=0x0000
76:580  0:000  === [ FixBiosDsdt ] =======================================
76:580  0:000  Patching DSDT:
76:580  0:000   - [change _OSI to XOSI]: pattern 5F4F5349, patched at: [ (CE9A) (3) (11) (18) (1C) (1C) (1A) (18) (18) (18) (C1F) (F6C) (3) (D) (D) (D) (13) (1B11) ]
76:580  0:000   - [change LPC to LPCB, optionally pair with SSDT-LPC.aml]: pattern 4C50435F, bin not found / already patched!
76:580  0:000   - [change _DSM to XDSM]: pattern 5F44534D, patched at: [ (294E) (32B) (32B) (32B) (32B) (32B) (32B) (32B) (CC8) (CC) (CE) (CC) (293) (100) (30D9) (146) (179) (D5) (D5) (D6) (EF) (EF) (EE) (107) (1D6) (189F) (21A) (2F06) (3EF) ]
76:580  0:000   - [change EHC1 to EH01]: pattern 45484331, patched at: [ (49CD) (7844) (53) (12) (518E) (50) ]
76:580  0:000   - [change EHC2 to EH02]: pattern 45484332, patched at: [ (4F9F) (7287) (6A) (12) (48) (12) (5112) (7C) ]
76:580  0:000   - [change GFX0 to IGPU]: pattern 47465830, patched at: [ (AFF8) (17) (17) (14) (925) (12) (B62) (67) (1B) (13) (19) (D2) (1B) (90F) (A) (3BC) (30) (16B) (373) (138F) (6C4) (3D7) (12) (F) (2055) (1F) (18) (18) (26) (11) (65) (47) (44) ]
76:580  0:000   - [change B0D3 to HDAU]: pattern 42304433, patched at: [ (AB0E) (D2E) (8) (9) (8) (8) (8) (BC1) (1D) (17) (F) ]
76:581  0:000   - [change Method (GPRW,2,N) to XPRW, pair with SSDT-GPRW.aml]: pattern 47505257, patched at: [ (D1C4) ]
76:581  0:000    0 replacements
76:581  0:000  Start HPET Fix
76:582  0:000  Start Add IMEI
76:582  0:000   deleting device CRT_
76:582  0:000   deleting device DVI_
76:582  0:000   deleting device SPKR
76:582  0:000   deleting device ECP_
76:582  0:000   deleting device LPT_
76:583  0:000   deleting device FDC0
76:583  0:000   deleting device ECP1
76:583  0:000   deleting device LPT1
76:583  0:000  Start Mutex Fix
76:583  0:000  Fixing Mutex(SMIX, 1)
76:583  0:000  Fixing Mutex(WMIX, 1)
76:583  0:000  Fixing Mutex(ECMX, 1)
76:583  0:000  Fixing Mutex(ECSX, 1)
76:583  0:000  Fixing Mutex(ECM1, 1)
76:583  0:000  Fixing Mutex(QSEV, 1)
76:583  0:000  Fixing Mutex(ECAX, 1)
76:583  0:000  PreCleanup XSDT: count=14, length=148
76:583  0:000  PreCleanup XSDT, corrected XSDT: count=14, length=148
76:583  0:000  === [ ACPIPatchedAML ] ====================================
76:583  0:000  AutoMerge pass 1
76:583  0:000  Unsorted
76:583  0:000  Inserting SSDT-XHC.AML from EFI\CLOVER\ACPI\patched: ignore on pass 1
76:583  0:000  Inserting SSDT-PNLF.aml from EFI\CLOVER\ACPI\patched: ignore on pass 1
76:583  0:000  Inserting SSDT-SMBUS.aml from EFI\CLOVER\ACPI\patched: ignore on pass 1
76:583  0:000  Inserting SSDT-EH02.aml from EFI\CLOVER\ACPI\patched: ignore on pass 1
76:583  0:000  Inserting SSDT-EH01.aml from EFI\CLOVER\ACPI\patched: ignore on pass 1
76:583  0:000  Inserting SSDT-LPC.AML from EFI\CLOVER\ACPI\patched: ignore on pass 1
76:583  0:000  Inserting SSDT-XOSI.aml from EFI\CLOVER\ACPI\patched: ignore on pass 1
76:583  0:000  Inserting SSDT-GPRW.aml from EFI\CLOVER\ACPI\patched: ignore on pass 1
76:583  0:000  === [ ACPIDropTables ] ====================================
76:583  0:000  0. [change _OSI to XOSI]: pattern 5F4F5349, bin not found / already patched!
76:583  0:000  1. [change LPC to LPCB, optionally pair with SSDT-LPC.aml]: pattern 4C50435F, bin not found / already patched!
76:583  0:000  2. [change _DSM to XDSM]: pattern 5F44534D, patched at: [ (51) ]
76:583  0:000  3. [change EHC1 to EH01]: pattern 45484331, bin not found / already patched!
76:583  0:000  4. [change EHC2 to EH02]: pattern 45484332, bin not found / already patched!
76:583  0:000  5. [change GFX0 to IGPU]: pattern 47465830, bin not found / already patched!
76:583  0:000  6. [change B0D3 to HDAU]: pattern 42304433, bin not found / already patched!
76:583  0:000  7. [change Method (GPRW,2,N) to XPRW, pair with SSDT-GPRW.aml]: pattern 47505257, bin not found / already patched!
76:583  0:000    0 replacements
76:583  0:000  0. [change _OSI to XOSI]: pattern 5F4F5349, bin not found / already patched!
76:583  0:000  1. [change LPC to LPCB, optionally pair with SSDT-LPC.aml]: pattern 4C50435F, bin not found / already patched!
76:583  0:000  2. [change _DSM to XDSM]: pattern 5F44534D, patched at: [ (4F) ]
76:583  0:000  3. [change EHC1 to EH01]: pattern 45484331, bin not found / already patched!
76:583  0:000  4. [change EHC2 to EH02]: pattern 45484332, bin not found / already patched!
76:583  0:000  5. [change GFX0 to IGPU]: pattern 47465830, bin not found / already patched!
76:583  0:000  6. [change B0D3 to HDAU]: pattern 42304433, bin not found / already patched!
76:583  0:000  7. [change Method (GPRW,2,N) to XPRW, pair with SSDT-GPRW.aml]: pattern 47505257, bin not found / already patched!
76:583  0:000    0 replacements
76:583  0:000  0. [change _OSI to XOSI]: pattern 5F4F5349, bin not found / already patched!
76:583  0:000  1. [change LPC to LPCB, optionally pair with SSDT-LPC.aml]: pattern 4C50435F, bin not found / already patched!
76:583  0:000  2. [change _DSM to XDSM]: pattern 5F44534D, bin not found / already patched!
76:583  0:000  3. [change EHC1 to EH01]: pattern 45484331, bin not found / already patched!
76:583  0:000  4. [change EHC2 to EH02]: pattern 45484332, bin not found / already patched!
76:583  0:000  5. [change GFX0 to IGPU]: pattern 47465830, bin not found / already patched!
76:583  0:000  6. [change B0D3 to HDAU]: pattern 42304433, bin not found / already patched!
76:583  0:000  7. [change Method (GPRW,2,N) to XPRW, pair with SSDT-GPRW.aml]: pattern 47505257, bin not found / already patched!
76:583  0:000    0 replacements
76:583  0:000  0. [change _OSI to XOSI]: pattern 5F4F5349, bin not found / already patched!
76:583  0:000  1. [change LPC to LPCB, optionally pair with SSDT-LPC.aml]: pattern 4C50435F, bin not found / already patched!
76:583  0:000  2. [change _DSM to XDSM]: pattern 5F44534D, bin not found / already patched!
76:583  0:000  3. [change EHC1 to EH01]: pattern 45484331, bin not found / already patched!
76:583  0:000  4. [change EHC2 to EH02]: pattern 45484332, bin not found / already patched!
76:583  0:000  5. [change GFX0 to IGPU]: pattern 47465830, bin not found / already patched!
76:583  0:000  6. [change B0D3 to HDAU]: pattern 42304433, bin not found / already patched!
76:583  0:000  7. [change Method (GPRW,2,N) to XPRW, pair with SSDT-GPRW.aml]: pattern 47505257, bin not found / already patched!
76:583  0:000    0 replacements
76:583  0:000  Found OperationRegion(PPMT, SystemMemory, DA7FFE18, ...)
76:583  0:000  0. [change _OSI to XOSI]: pattern 5F4F5349, bin not found / already patched!
76:583  0:000  1. [change LPC to LPCB, optionally pair with SSDT-LPC.aml]: pattern 4C50435F, bin not found / already patched!
76:583  0:000  2. [change _DSM to XDSM]: pattern 5F44534D, bin not found / already patched!
76:583  0:000  3. [change EHC1 to EH01]: pattern 45484331, bin not found / already patched!
76:583  0:000  4. [change EHC2 to EH02]: pattern 45484332, bin not found / already patched!
76:583  0:000  5. [change GFX0 to IGPU]: pattern 47465830, bin not found / already patched!
76:583  0:000  6. [change B0D3 to HDAU]: pattern 42304433, bin not found / already patched!
76:583  0:000  7. [change Method (GPRW,2,N) to XPRW, pair with SSDT-GPRW.aml]: pattern 47505257, bin not found / already patched!
76:583  0:000    0 replacements
76:583  0:000  === [ ACPIPatchedAML ] ====================================
76:583  0:000  AutoMerge pass 2
76:583  0:000  Unsorted
76:583  0:000  Inserting SSDT-XHC.AML from EFI\CLOVER\ACPI\patched: size=363 ... Success
76:584  0:001  Inserting SSDT-PNLF.aml from EFI\CLOVER\ACPI\patched: size=1028 ... Success
76:585  0:000  Inserting SSDT-SMBUS.aml from EFI\CLOVER\ACPI\patched: size=138 ... Success
76:585  0:000  Inserting SSDT-EH02.aml from EFI\CLOVER\ACPI\patched: size=260 ... Success
76:586  0:000  Inserting SSDT-EH01.aml from EFI\CLOVER\ACPI\patched: size=260 ... Success
76:587  0:001  Inserting SSDT-LPC.AML from EFI\CLOVER\ACPI\patched: size=390 ... Success
76:587  0:000  Inserting SSDT-XOSI.aml from EFI\CLOVER\ACPI\patched: size=154 ... Success
76:588  0:000  Inserting SSDT-GPRW.aml from EFI\CLOVER\ACPI\patched: size=134 ... Success
76:589  0:000  CPUBase=0 and ApicCPUBase=1 ApicCPUNum=4
76:589  0:000  Maximum control=0x1B
76:589  0:000  Turbo control=0x22
76:589  0:000  P-States: min 0x8, max 0x22
76:589  0:000  SSDT with plugin-type without P-States is generated
76:589  0:000  Cleanup XSDT: count=23, length=220
76:589  0:000  corrected XSDT count=23, length=220
76:589  0:000  === [ RestSetup macOS ] ===================================
76:589  0:000  EdidDiscovered size=128
76:589  0:000  --- Discovered EDID Table size:128
76:589  0:000  000  |  00  FF  FF  FF  FF  FF  FF  00  06  AF
76:589  0:000  010  |  3E  22  00  00  00  00  00  16  01  04
76:589  0:000  020  |  90  1F  11  78  02  2A  25  97  56  53
76:589  0:000  030  |  97  28  20  50  54  00  00  00  01  01
76:589  0:000  040  |  01  01  01  01  01  01  01  01  01  01
76:589  0:000  050  |  01  01  01  01  A0  32  40  D6  62  84
76:589  0:000  060  |  1C  30  40  2A  33  00  35  AE  10  00
76:589  0:000  070  |  00  1A  C0  21  40  D6  62  84  1C  30
76:589  0:000  080  |  40  2A  33  00  35  AE  10  00  00  1A
76:589  0:000  090  |  00  00  00  FE  00  4D  34  52  54  54
76:589  0:000  100  |  80  42  31  34  30  52  54  4E  00  00
76:589  0:000  110  |  00  00  00  00  41  21  9E  00  10  00
76:589  0:000  120  |  00  02  01  0A  20  20  00  C2
76:589  0:000  add device: PciRoot(0x0)/Pci(0x2,0x0)
76:589  0:000     Add key=framebuffer-stolenmem valuelen=4
76:589  0:000     Add key=framebuffer-patch-enable valuelen=4
76:589  0:000     Add key=framebuffer-fbmem valuelen=4
76:589  0:000     Add key=framebuffer-cursormem valuelen=4
76:589  0:000     Add key=framebuffer-con2-enable valuelen=4
76:589  0:000     Add key=framebuffer-con2-alldata valuelen=12
76:589  0:000     Add key=framebuffer-con1-enable valuelen=4
76:589  0:000     Add key=framebuffer-con1-alldata valuelen=12
76:589  0:000     Add key=device-id valuelen=4
76:589  0:000     Add key=AAPL,ig-platform-id valuelen=4
76:589  0:000  add device: PciRoot(0x0)/Pci(0x1B,0x0)
76:589  0:000     Add key=layout-id valuelen=4
76:589  0:000  Intel GFX injection not set
76:589  0:000  stringlength = 3182
76:589  0:000  CurrentMode: Width=1600 Height=900
76:589  0:000  Beginning FSInjection
FSInjectionInstall ...
- Our FSI_SIMPLE_FILE_SYSTEM_PROTOCOL installed on handle: CDCF4E18
FSInjectionInstall ...
- Our FSI_SIMPLE_FILE_SYSTEM_PROTOCOL installed on handle: CDCF4E18
76:593  0:004  Use origin smbios table type 1 guid.
76:599  0:005  Preparing kexts injection for arch=x86_64 from EFI\CLOVER\kexts\Other
76:599  0:000  Extra kext: EFI\CLOVER\kexts\Other\FakeSMC.kext (v.1800)
76:602  0:003  Extra kext: EFI\CLOVER\kexts\Other\VoodooPS2ControllerR6.kext (v.6.0.0)
76:607  0:004    |-- PlugIn kext: EFI\CLOVER\kexts\Other\VoodooPS2ControllerR6.kext\Contents\PlugIns\VoodooPS2Keyboard.kext (v.6.0.0)
76:610  0:003    |-- PlugIn kext: EFI\CLOVER\kexts\Other\VoodooPS2ControllerR6.kext\Contents\PlugIns\VoodooPS2Trackpad.kext (v.6.0.0)
76:613  0:003  Extra kext: EFI\CLOVER\kexts\Other\USB_Injector.kext (v.1.0)
76:614  0:001  Extra kext: EFI\CLOVER\kexts\Other\AppleBacklightFixup.kext (v.1.0.2)
76:617  0:002  Extra kext: EFI\CLOVER\kexts\Other\WhateverGreen.kext (v.1.2.4)
76:624  0:007  Extra kext: EFI\CLOVER\kexts\Other\IntelMausiEthernet.kext (v.2.4.1d1)
76:628  0:004  Extra kext: EFI\CLOVER\kexts\Other\AppleALC.kext (v.1.3.3)
76:670  0:041  Extra kext: EFI\CLOVER\kexts\Other\Lilu.kext (v.1.2.8)
76:675  0:004  Extra kext: EFI\CLOVER\kexts\Other\ACPIBatteryManager.kext (v.1.90.1)
76:680  0:005  SetScreenResolution: 1600x900 - already set
76:680  0:000  Custom boot is disabled
76:682  0:001  Closing log
